This file contains any messages produced by compilers while
running configure, to aid debugging if configure makes a mistake.

It was created by shamir_OTP configure .1, which was
generated by GNU Autoconf 2.65.  Invocation command line was

  $ ./configure --no-create --no-recursion

## --------- ##
## Platform. ##
## --------- ##

hostname = bane-laptop
uname -m = i686
uname -r = 2.6.32-30-generic
uname -s = Linux
uname -v = #59-Ubuntu SMP Tue Mar 1 21:30:21 UTC 2011

/usr/bin/uname -p = unknown
/bin/uname -X     = unknown

/bin/arch              = unknown
/usr/bin/arch -k       = unknown
/usr/convex/getsysinfo = unknown
/usr/bin/hostinfo      = unknown
/bin/machine           = unknown
/usr/bin/oslevel       = unknown
/bin/universe          = unknown

PATH: /home/bane/bin
PATH: /usr/local/sbin
PATH: /usr/local/bin
PATH: /usr/sbin
PATH: /usr/bin
PATH: /sbin
PATH: /bin
PATH: /usr/games


## ----------- ##
## Core tests. ##
## ----------- ##

configure:2349: checking for a BSD-compatible install
configure:2417: result: /usr/bin/install -c
configure:2428: checking whether build environment is sane
configure:2478: result: yes
configure:2619: checking for a thread-safe mkdir -p
configure:2658: result: /bin/mkdir -p
configure:2671: checking for gawk
configure:2687: found /usr/bin/gawk
configure:2698: result: gawk
configure:2709: checking whether make sets $(MAKE)
configure:2731: result: yes
configure:2866: checking for gcc
configure:2882: found /usr/bin/gcc
configure:2893: result: gcc
configure:3122: checking for C compiler version
configure:3131: gcc --version >&5
gcc (Ubuntu 4.4.3-4ubuntu5) 4.4.3
Copyright (C) 2009 Free Software Foundation, Inc.
This is free software; see the source for copying conditions.  There is NO
warranty; not even for MERCHANTABILITY or FITNESS FOR A PARTICULAR PURPOSE.

configure:3142: $? = 0
configure:3131: gcc -v >&5
Using built-in specs.
Target: i486-linux-gnu
Configured with: ../src/configure -v --with-pkgversion='Ubuntu 4.4.3-4ubuntu5' --with-bugurl=file:///usr/share/doc/gcc-4.4/README.Bugs --enable-languages=c,c++,fortran,objc,obj-c++ --prefix=/usr --enable-shared --enable-multiarch --enable-linker-build-id --with-system-zlib --libexecdir=/usr/lib --without-included-gettext --enable-threads=posix --with-gxx-include-dir=/usr/include/c++/4.4 --program-suffix=-4.4 --enable-nls --enable-clocale=gnu --enable-libstdcxx-debug --enable-plugin --enable-objc-gc --enable-targets=all --disable-werror --with-arch-32=i486 --with-tune=generic --enable-checking=release --build=i486-linux-gnu --host=i486-linux-gnu --target=i486-linux-gnu
Thread model: posix
gcc version 4.4.3 (Ubuntu 4.4.3-4ubuntu5) 
configure:3142: $? = 0
configure:3131: gcc -V >&5
gcc: '-V' option must have argument
configure:3142: $? = 1
configure:3131: gcc -qversion >&5
gcc: unrecognized option '-qversion'
gcc: no input files
configure:3142: $? = 1
configure:3162: checking whether the C compiler works
configure:3184: gcc    conftest.c  >&5
configure:3188: $? = 0
configure:3237: result: yes
configure:3240: checking for C compiler default output file name
configure:3242: result: a.out
configure:3248: checking for suffix of executables
configure:3255: gcc -o conftest    conftest.c  >&5
configure:3259: $? = 0
configure:3281: result: 
configure:3303: checking whether we are cross compiling
configure:3311: gcc -o conftest    conftest.c  >&5
configure:3315: $? = 0
configure:3322: ./conftest
configure:3326: $? = 0
configure:3341: result: no
configure:3346: checking for suffix of object files
configure:3368: gcc -c   conftest.c >&5
configure:3372: $? = 0
configure:3393: result: o
configure:3397: checking whether we are using the GNU C compiler
configure:3416: gcc -c   conftest.c >&5
configure:3416: $? = 0
configure:3425: result: yes
configure:3434: checking whether gcc accepts -g
configure:3454: gcc -c -g  conftest.c >&5
configure:3454: $? = 0
configure:3495: result: yes
configure:3512: checking for gcc option to accept ISO C89
configure:3576: gcc  -c -g -O2  conftest.c >&5
configure:3576: $? = 0
configure:3589: result: none needed
configure:3620: checking for style of include used by make
configure:3648: result: GNU
configure:3673: checking dependency style of gcc
configure:3783: result: gcc3
configure:3827: checking build system type
configure:3841: result: i686-pc-linux-gnu
configure:3861: checking host system type
configure:3874: result: i686-pc-linux-gnu
configure:3894: checking for a sed that does not truncate output
configure:3958: result: /bin/sed
configure:3976: checking for grep that handles long lines and -e
configure:4034: result: /bin/grep
configure:4039: checking for egrep
configure:4101: result: /bin/grep -E
configure:4106: checking for fgrep
configure:4168: result: /bin/grep -F
configure:4203: checking for ld used by gcc
configure:4270: result: /usr/bin/ld
configure:4277: checking if the linker (/usr/bin/ld) is GNU ld
configure:4292: result: yes
configure:4304: checking for BSD- or MS-compatible name lister (nm)
configure:4353: result: /usr/bin/nm -B
configure:4471: checking the name lister (/usr/bin/nm -B) interface
configure:4478: gcc -c -g -O2  conftest.c >&5
configure:4481: /usr/bin/nm -B "conftest.o"
configure:4484: output
00000000 B some_variable
configure:4491: result: BSD nm
configure:4494: checking whether ln -s works
configure:4498: result: yes
configure:4506: checking the maximum length of command line arguments
configure:4626: result: 805306365
configure:4643: checking whether the shell understands some XSI constructs
configure:4653: result: yes
configure:4657: checking whether the shell understands "+="
configure:4663: result: yes
configure:4698: checking for /usr/bin/ld option to reload object files
configure:4705: result: -r
configure:4774: checking for objdump
configure:4790: found /usr/bin/objdump
configure:4801: result: objdump
configure:4833: checking how to recognize dependent libraries
configure:5029: result: pass_all
configure:5089: checking for ar
configure:5105: found /usr/bin/ar
configure:5116: result: ar
configure:5194: checking for strip
configure:5210: found /usr/bin/strip
configure:5221: result: strip
configure:5293: checking for ranlib
configure:5309: found /usr/bin/ranlib
configure:5320: result: ranlib
configure:5410: checking command to parse /usr/bin/nm -B output from gcc object
configure:5528: gcc -c -g -O2  conftest.c >&5
configure:5531: $? = 0
configure:5535: /usr/bin/nm -B conftest.o \| sed -n -e 's/^.*[	 ]\([ABCDGIRSTW][ABCDGIRSTW]*\)[	 ][	 ]*\([_A-Za-z][_A-Za-z0-9]*\)$/\1 \2 \2/p' \> conftest.nm
configure:5538: $? = 0
configure:5592: gcc -o conftest -g -O2   conftest.c conftstm.o >&5
configure:5595: $? = 0
configure:5633: result: ok
configure:6442: checking how to run the C preprocessor
configure:6473: gcc -E  conftest.c
configure:6473: $? = 0
configure:6487: gcc -E  conftest.c
conftest.c:11:28: error: ac_nonexistent.h: No such file or directory
configure:6487: $? = 1
configure: failed program was:
| /* confdefs.h */
| #define PACKAGE_NAME "shamir_OTP"
| #define PACKAGE_TARNAME "shamir_otp"
| #define PACKAGE_VERSION ".1"
| #define PACKAGE_STRING "shamir_OTP .1"
| #define PACKAGE_BUGREPORT "chrismiceli@gmail.com"
| #define PACKAGE_URL ""
| #define PACKAGE "shamir_otp"
| #define VERSION ".1"
| /* end confdefs.h.  */
| #include <ac_nonexistent.h>
configure:6512: result: gcc -E
configure:6532: gcc -E  conftest.c
configure:6532: $? = 0
configure:6546: gcc -E  conftest.c
conftest.c:11:28: error: ac_nonexistent.h: No such file or directory
configure:6546: $? = 1
configure: failed program was:
| /* confdefs.h */
| #define PACKAGE_NAME "shamir_OTP"
| #define PACKAGE_TARNAME "shamir_otp"
| #define PACKAGE_VERSION ".1"
| #define PACKAGE_STRING "shamir_OTP .1"
| #define PACKAGE_BUGREPORT "chrismiceli@gmail.com"
| #define PACKAGE_URL ""
| #define PACKAGE "shamir_otp"
| #define VERSION ".1"
| /* end confdefs.h.  */
| #include <ac_nonexistent.h>
configure:6575: checking for ANSI C header files
configure:6595: gcc -c -g -O2  conftest.c >&5
configure:6595: $? = 0
configure:6668: gcc -o conftest -g -O2   conftest.c  >&5
configure:6668: $? = 0
configure:6668: ./conftest
configure:6668: $? = 0
configure:6679: result: yes
configure:6692: checking for sys/types.h
configure:6692: gcc -c -g -O2  conftest.c >&5
configure:6692: $? = 0
configure:6692: result: yes
configure:6692: checking for sys/stat.h
configure:6692: gcc -c -g -O2  conftest.c >&5
configure:6692: $? = 0
configure:6692: result: yes
configure:6692: checking for stdlib.h
configure:6692: gcc -c -g -O2  conftest.c >&5
configure:6692: $? = 0
configure:6692: result: yes
configure:6692: checking for string.h
configure:6692: gcc -c -g -O2  conftest.c >&5
configure:6692: $? = 0
configure:6692: result: yes
configure:6692: checking for memory.h
configure:6692: gcc -c -g -O2  conftest.c >&5
configure:6692: $? = 0
configure:6692: result: yes
configure:6692: checking for strings.h
configure:6692: gcc -c -g -O2  conftest.c >&5
configure:6692: $? = 0
configure:6692: result: yes
configure:6692: checking for inttypes.h
configure:6692: gcc -c -g -O2  conftest.c >&5
configure:6692: $? = 0
configure:6692: result: yes
configure:6692: checking for stdint.h
configure:6692: gcc -c -g -O2  conftest.c >&5
configure:6692: $? = 0
configure:6692: result: yes
configure:6692: checking for unistd.h
configure:6692: gcc -c -g -O2  conftest.c >&5
configure:6692: $? = 0
configure:6692: result: yes
configure:6707: checking for dlfcn.h
configure:6707: gcc -c -g -O2  conftest.c >&5
configure:6707: $? = 0
configure:6707: result: yes
configure:6891: checking for objdir
configure:6906: result: .libs
configure:7202: checking if gcc supports -fno-rtti -fno-exceptions
configure:7220: gcc -c -g -O2  -fno-rtti -fno-exceptions conftest.c >&5
cc1: warning: command line option "-fno-rtti" is valid for C++/ObjC++ but not for C
configure:7224: $? = 0
configure:7237: result: no
configure:7257: checking for gcc option to produce PIC
configure:7529: result: -fPIC -DPIC
configure:7541: checking if gcc PIC flag -fPIC -DPIC works
configure:7559: gcc -c -g -O2  -fPIC -DPIC -DPIC conftest.c >&5
configure:7563: $? = 0
configure:7576: result: yes
configure:7600: checking if gcc static flag -static works
configure:7628: result: yes
configure:7643: checking if gcc supports -c -o file.o
configure:7664: gcc -c -g -O2  -o out/conftest2.o conftest.c >&5
configure:7668: $? = 0
configure:7690: result: yes
configure:7698: checking if gcc supports -c -o file.o
configure:7745: result: yes
configure:7778: checking whether the gcc linker (/usr/bin/ld) supports shared libraries
configure:8769: result: yes
configure:8806: checking whether -lc should be explicitly linked in
configure:8811: gcc -c -g -O2  conftest.c >&5
configure:8814: $? = 0
configure:8829: gcc -shared conftest.o  -v -Wl,-soname -Wl,conftest -o conftest 2\>\&1 \| /bin/grep  -lc  \>/dev/null 2\>\&1
configure:8832: $? = 0
configure:8844: result: no
configure:9008: checking dynamic linker characteristics
configure:9441: gcc -o conftest -g -O2   -Wl,-rpath -Wl,/foo conftest.c  >&5
configure:9441: $? = 0
configure:9671: result: GNU/Linux ld.so
configure:9773: checking how to hardcode library paths into programs
configure:9798: result: immediate
configure:10318: checking whether stripping libraries is possible
configure:10323: result: yes
configure:10358: checking if libtool supports shared libraries
configure:10360: result: yes
configure:10363: checking whether to build shared libraries
configure:10384: result: yes
configure:10387: checking whether to build static libraries
configure:10391: result: yes
configure:10428: checking whether gcc and cc understand -c and -o together
configure:10459: gcc -c conftest.c -o conftest2.o >&5
configure:10463: $? = 0
configure:10469: gcc -c conftest.c -o conftest2.o >&5
configure:10473: $? = 0
configure:10484: cc -c conftest.c >&5
configure:10488: $? = 0
configure:10496: cc -c conftest.c -o conftest2.o >&5
configure:10500: $? = 0
configure:10506: cc -c conftest.c -o conftest2.o >&5
configure:10510: $? = 0
configure:10528: result: yes
configure:10573: checking for doxygen
configure:10589: found /usr/bin/doxygen
configure:10600: result: doxygen
configure:10632: checking for library containing __gmpz_init
configure:10663: gcc -o conftest -g -O2   conftest.c  >&5
/tmp/cc28i4UD.o: In function `main':
/home/bane/Documents/Code/Thesis/conftest.c:34: undefined reference to `__gmpz_init'
collect2: ld returned 1 exit status
configure:10663: $? = 1
configure: failed program was:
| /* confdefs.h */
| #define PACKAGE_NAME "shamir_OTP"
| #define PACKAGE_TARNAME "shamir_otp"
| #define PACKAGE_VERSION ".1"
| #define PACKAGE_STRING "shamir_OTP .1"
| #define PACKAGE_BUGREPORT "chrismiceli@gmail.com"
| #define PACKAGE_URL ""
| #define PACKAGE "shamir_otp"
| #define VERSION ".1"
| #define STDC_HEADERS 1
| #define HAVE_SYS_TYPES_H 1
| #define HAVE_SYS_STAT_H 1
| #define HAVE_STDLIB_H 1
| #define HAVE_STRING_H 1
| #define HAVE_MEMORY_H 1
| #define HAVE_STRINGS_H 1
| #define HAVE_INTTYPES_H 1
| #define HAVE_STDINT_H 1
| #define HAVE_UNISTD_H 1
| #define HAVE_DLFCN_H 1
| #define LT_OBJDIR ".libs/"
| /* end confdefs.h.  */
| 
| /* Override any GCC internal prototype to avoid an error.
|    Use char because int might match the return type of a GCC
|    builtin and then its argument prototype would still apply.  */
| #ifdef __cplusplus
| extern "C"
| #endif
| char __gmpz_init ();
| int
| main ()
| {
| return __gmpz_init ();
|   ;
|   return 0;
| }
configure:10663: gcc -o conftest -g -O2   conftest.c -lgmp   >&5
configure:10663: $? = 0
configure:10680: result: -lgmp
configure:10693: checking gmp.h usability
configure:10693: gcc -c -g -O2  conftest.c >&5
configure:10693: $? = 0
configure:10693: result: yes
configure:10693: checking gmp.h presence
configure:10693: gcc -E  conftest.c
configure:10693: $? = 0
configure:10693: result: yes
configure:10693: checking for gmp.h
configure:10693: result: yes
configure:10715: checking for library containing pam_set_data
configure:10746: gcc -o conftest -g -O2   conftest.c -lgmp  >&5
/tmp/ccwLfR3Z.o: In function `main':
/home/bane/Documents/Code/Thesis/conftest.c:35: undefined reference to `pam_set_data'
collect2: ld returned 1 exit status
configure:10746: $? = 1
configure: failed program was:
| /* confdefs.h */
| #define PACKAGE_NAME "shamir_OTP"
| #define PACKAGE_TARNAME "shamir_otp"
| #define PACKAGE_VERSION ".1"
| #define PACKAGE_STRING "shamir_OTP .1"
| #define PACKAGE_BUGREPORT "chrismiceli@gmail.com"
| #define PACKAGE_URL ""
| #define PACKAGE "shamir_otp"
| #define VERSION ".1"
| #define STDC_HEADERS 1
| #define HAVE_SYS_TYPES_H 1
| #define HAVE_SYS_STAT_H 1
| #define HAVE_STDLIB_H 1
| #define HAVE_STRING_H 1
| #define HAVE_MEMORY_H 1
| #define HAVE_STRINGS_H 1
| #define HAVE_INTTYPES_H 1
| #define HAVE_STDINT_H 1
| #define HAVE_UNISTD_H 1
| #define HAVE_DLFCN_H 1
| #define LT_OBJDIR ".libs/"
| #define HAVE_GMP_H 1
| /* end confdefs.h.  */
| 
| /* Override any GCC internal prototype to avoid an error.
|    Use char because int might match the return type of a GCC
|    builtin and then its argument prototype would still apply.  */
| #ifdef __cplusplus
| extern "C"
| #endif
| char pam_set_data ();
| int
| main ()
| {
| return pam_set_data ();
|   ;
|   return 0;
| }
configure:10746: gcc -o conftest -g -O2   conftest.c -lpam  -lgmp  >&5
configure:10746: $? = 0
configure:10763: result: -lpam
configure:10797: checking stdio.h usability
configure:10797: gcc -c -g -O2  conftest.c >&5
configure:10797: $? = 0
configure:10797: result: yes
configure:10797: checking stdio.h presence
configure:10797: gcc -E  conftest.c
configure:10797: $? = 0
configure:10797: result: yes
configure:10797: checking for stdio.h
configure:10797: result: yes
configure:10797: checking for string.h
configure:10797: result: yes
configure:10797: checking for stdlib.h
configure:10797: result: yes
configure:10797: checking errno.h usability
configure:10797: gcc -c -g -O2  conftest.c >&5
configure:10797: $? = 0
configure:10797: result: yes
configure:10797: checking errno.h presence
configure:10797: gcc -E  conftest.c
configure:10797: $? = 0
configure:10797: result: yes
configure:10797: checking for errno.h
configure:10797: result: yes
configure:10797: checking math.h usability
configure:10797: gcc -c -g -O2  conftest.c >&5
configure:10797: $? = 0
configure:10797: result: yes
configure:10797: checking math.h presence
configure:10797: gcc -E  conftest.c
configure:10797: $? = 0
configure:10797: result: yes
configure:10797: checking for math.h
configure:10797: result: yes
configure:10937: creating ./config.status

## ---------------- ##
## Cache variables. ##
## ---------------- ##

ac_cv_build=i686-pc-linux-gnu
ac_cv_c_compiler_gnu=yes
ac_cv_env_CC_set=
ac_cv_env_CC_value=
ac_cv_env_CFLAGS_set=
ac_cv_env_CFLAGS_value=
ac_cv_env_CPPFLAGS_set=
ac_cv_env_CPPFLAGS_value=
ac_cv_env_CPP_set=
ac_cv_env_CPP_value=
ac_cv_env_DOXYGEN_set=
ac_cv_env_DOXYGEN_value=
ac_cv_env_LDFLAGS_set=
ac_cv_env_LDFLAGS_value=
ac_cv_env_LIBS_set=
ac_cv_env_LIBS_value=
ac_cv_env_build_alias_set=
ac_cv_env_build_alias_value=
ac_cv_env_host_alias_set=
ac_cv_env_host_alias_value=
ac_cv_env_target_alias_set=
ac_cv_env_target_alias_value=
ac_cv_header_dlfcn_h=yes
ac_cv_header_errno_h=yes
ac_cv_header_gmp_h=yes
ac_cv_header_inttypes_h=yes
ac_cv_header_math_h=yes
ac_cv_header_memory_h=yes
ac_cv_header_stdc=yes
ac_cv_header_stdint_h=yes
ac_cv_header_stdio_h=yes
ac_cv_header_stdlib_h=yes
ac_cv_header_string_h=yes
ac_cv_header_strings_h=yes
ac_cv_header_sys_stat_h=yes
ac_cv_header_sys_types_h=yes
ac_cv_header_unistd_h=yes
ac_cv_host=i686-pc-linux-gnu
ac_cv_objext=o
ac_cv_path_EGREP='/bin/grep -E'
ac_cv_path_FGREP='/bin/grep -F'
ac_cv_path_GREP=/bin/grep
ac_cv_path_SED=/bin/sed
ac_cv_path_install='/usr/bin/install -c'
ac_cv_path_mkdir=/bin/mkdir
ac_cv_prog_AWK=gawk
ac_cv_prog_CPP='gcc -E'
ac_cv_prog_DOXYGEN=doxygen
ac_cv_prog_ac_ct_AR=ar
ac_cv_prog_ac_ct_CC=gcc
ac_cv_prog_ac_ct_OBJDUMP=objdump
ac_cv_prog_ac_ct_RANLIB=ranlib
ac_cv_prog_ac_ct_STRIP=strip
ac_cv_prog_cc_c89=
ac_cv_prog_cc_g=yes
ac_cv_prog_cc_gcc_c_o=yes
ac_cv_prog_make_make_set=yes
ac_cv_search___gmpz_init=-lgmp
ac_cv_search_pam_set_data=-lpam
am_cv_CC_dependencies_compiler_type=gcc3
lt_cv_deplibs_check_method=pass_all
lt_cv_file_magic_cmd='$MAGIC_CMD'
lt_cv_file_magic_test_file=
lt_cv_ld_reload_flag=-r
lt_cv_nm_interface='BSD nm'
lt_cv_objdir=.libs
lt_cv_path_LD=/usr/bin/ld
lt_cv_path_NM='/usr/bin/nm -B'
lt_cv_prog_compiler_c_o=yes
lt_cv_prog_compiler_pic_works=yes
lt_cv_prog_compiler_rtti_exceptions=no
lt_cv_prog_compiler_static_works=yes
lt_cv_prog_gnu_ld=yes
lt_cv_sys_global_symbol_pipe='sed -n -e '\''s/^.*[	 ]\([ABCDGIRSTW][ABCDGIRSTW]*\)[	 ][	 ]*\([_A-Za-z][_A-Za-z0-9]*\)$/\1 \2 \2/p'\'''
lt_cv_sys_global_symbol_to_c_name_address='sed -n -e '\''s/^: \([^ ]*\) $/  {\"\1\", (void *) 0},/p'\'' -e '\''s/^[ABCDGIRSTW]* \([^ ]*\) \([^ ]*\)$/  {"\2", (void *) \&\2},/p'\'''
lt_cv_sys_global_symbol_to_c_name_address_lib_prefix='sed -n -e '\''s/^: \([^ ]*\) $/  {\"\1\", (void *) 0},/p'\'' -e '\''s/^[ABCDGIRSTW]* \([^ ]*\) \(lib[^ ]*\)$/  {"\2", (void *) \&\2},/p'\'' -e '\''s/^[ABCDGIRSTW]* \([^ ]*\) \([^ ]*\)$/  {"lib\2", (void *) \&\2},/p'\'''
lt_cv_sys_global_symbol_to_cdecl='sed -n -e '\''s/^T .* \(.*\)$/extern int \1();/p'\'' -e '\''s/^[ABCDGIRSTW]* .* \(.*\)$/extern char \1;/p'\'''
lt_cv_sys_max_cmd_len=805306365

## ----------------- ##
## Output variables. ##
## ----------------- ##

ACLOCAL='${SHELL} /home/bane/Documents/Code/Thesis/missing --run aclocal-1.11'
AMDEPBACKSLASH='\'
AMDEP_FALSE='#'
AMDEP_TRUE=''
AMTAR='${SHELL} /home/bane/Documents/Code/Thesis/missing --run tar'
AR='ar'
AUTOCONF='${SHELL} /home/bane/Documents/Code/Thesis/missing --run autoconf'
AUTOHEADER='${SHELL} /home/bane/Documents/Code/Thesis/missing --run autoheader'
AUTOMAKE='${SHELL} /home/bane/Documents/Code/Thesis/missing --run automake-1.11'
AWK='gawk'
CC='gcc'
CCDEPMODE='depmode=gcc3'
CFLAGS='-g -O2'
CPP='gcc -E'
CPPFLAGS=''
CYGPATH_W='echo'
DEFS='-DHAVE_CONFIG_H'
DEPDIR='.deps'
DOXYGEN='doxygen'
DSYMUTIL=''
DUMPBIN=''
ECHO_C=''
ECHO_N='-n'
ECHO_T=''
EGREP='/bin/grep -E'
EXEEXT=''
FGREP='/bin/grep -F'
GREP='/bin/grep'
HAVE_DOXYGEN_FALSE='#'
HAVE_DOXYGEN_TRUE=''
INSTALL_DATA='${INSTALL} -m 644'
INSTALL_PROGRAM='${INSTALL}'
INSTALL_SCRIPT='${INSTALL}'
INSTALL_STRIP_PROGRAM='$(install_sh) -c -s'
LD='/usr/bin/ld'
LDFLAGS=''
LIBOBJS=''
LIBS='-lpam -lgmp '
LIBTOOL='$(SHELL) $(top_builddir)/libtool'
LIPO=''
LN_S='ln -s'
LTLIBOBJS=''
MAKEINFO='${SHELL} /home/bane/Documents/Code/Thesis/missing --run makeinfo'
MKDIR_P='/bin/mkdir -p'
NM='/usr/bin/nm -B'
NMEDIT=''
OBJDUMP='objdump'
OBJEXT='o'
OTOOL64=''
OTOOL=''
PACKAGE='shamir_otp'
PACKAGE_BUGREPORT='chrismiceli@gmail.com'
PACKAGE_NAME='shamir_OTP'
PACKAGE_STRING='shamir_OTP .1'
PACKAGE_TARNAME='shamir_otp'
PACKAGE_URL=''
PACKAGE_VERSION='.1'
PATH_SEPARATOR=':'
RANLIB='ranlib'
SED='/bin/sed'
SET_MAKE=''
SHELL='/bin/bash'
STRIP='strip'
VERSION='.1'
ac_ct_CC='gcc'
ac_ct_DUMPBIN=''
am__EXEEXT_FALSE=''
am__EXEEXT_TRUE='#'
am__fastdepCC_FALSE='#'
am__fastdepCC_TRUE=''
am__include='include'
am__isrc=''
am__leading_dot='.'
am__quote=''
am__tar='${AMTAR} chof - "$$tardir"'
am__untar='${AMTAR} xf -'
bindir='${exec_prefix}/bin'
build='i686-pc-linux-gnu'
build_alias=''
build_cpu='i686'
build_os='linux-gnu'
build_vendor='pc'
datadir='${datarootdir}'
datarootdir='${prefix}/share'
docdir='${datarootdir}/doc/${PACKAGE_TARNAME}'
dvidir='${docdir}'
exec_prefix='${prefix}'
host='i686-pc-linux-gnu'
host_alias=''
host_cpu='i686'
host_os='linux-gnu'
host_vendor='pc'
htmldir='${docdir}'
includedir='${prefix}/include'
infodir='${datarootdir}/info'
install_sh='${SHELL} /home/bane/Documents/Code/Thesis/install-sh'
libdir='${exec_prefix}/lib'
libexecdir='${exec_prefix}/libexec'
localedir='${datarootdir}/locale'
localstatedir='${prefix}/var'
lt_ECHO='echo'
mandir='${datarootdir}/man'
mkdir_p='/bin/mkdir -p'
oldincludedir='/usr/include'
pdfdir='${docdir}'
prefix='/usr/local'
program_transform_name='s,x,x,'
psdir='${docdir}'
sbindir='${exec_prefix}/sbin'
sharedstatedir='${prefix}/com'
sysconfdir='${prefix}/etc'
target_alias=''

## ----------- ##
## confdefs.h. ##
## ----------- ##

/* confdefs.h */
#define PACKAGE_NAME "shamir_OTP"
#define PACKAGE_TARNAME "shamir_otp"
#define PACKAGE_VERSION ".1"
#define PACKAGE_STRING "shamir_OTP .1"
#define PACKAGE_BUGREPORT "chrismiceli@gmail.com"
#define PACKAGE_URL ""
#define PACKAGE "shamir_otp"
#define VERSION ".1"
#define STDC_HEADERS 1
#define HAVE_SYS_TYPES_H 1
#define HAVE_SYS_STAT_H 1
#define HAVE_STDLIB_H 1
#define HAVE_STRING_H 1
#define HAVE_MEMORY_H 1
#define HAVE_STRINGS_H 1
#define HAVE_INTTYPES_H 1
#define HAVE_STDINT_H 1
#define HAVE_UNISTD_H 1
#define HAVE_DLFCN_H 1
#define LT_OBJDIR ".libs/"
#define HAVE_GMP_H 1
#define HAVE_STDIO_H 1
#define HAVE_STRING_H 1
#define HAVE_STDLIB_H 1
#define HAVE_ERRNO_H 1
#define HAVE_MATH_H 1

configure: exit 0

## ---------------------- ##
## Running config.status. ##
## ---------------------- ##

This file was extended by shamir_OTP config.status .1, which was
generated by GNU Autoconf 2.65.  Invocation command line was

  CONFIG_FILES    = 
  CONFIG_HEADERS  = 
  CONFIG_LINKS    = 
  CONFIG_COMMANDS = 
  $ ./config.status 

on bane-laptop

config.status:1076: creating docs/Doxyfile
config.status:1076: creating pam-module/Makefile
config.status:1076: creating Makefile
config.status:1076: creating libshamir_OTP/Makefile
config.status:1076: creating src/Makefile
config.status:1076: creating docs/Makefile
config.status:1076: creating config.h
config.status:1248: config.h is unchanged
config.status:1296: executing depfiles commands
config.status:1296: executing libtool commands

## ---------------------- ##
## Running config.status. ##
## ---------------------- ##

This file was extended by shamir_OTP config.status .1, which was
generated by GNU Autoconf 2.65.  Invocation command line was

  CONFIG_FILES    = 
  CONFIG_HEADERS  = 
  CONFIG_LINKS    = 
  CONFIG_COMMANDS = 
  $ ./config.status config.h

on bane-laptop

config.status:1076: creating config.h
config.status:1248: config.h is unchanged
